Mensaje I / 00:00:00:000 / Root(00) para top(01)
Mensaje I / 00:00:00:000 / top(01) para dtmf(02)
Mensaje I / 00:00:00:000 / top(01) para mcu(03)
Mensaje D / 00:00:00:000 / dtmf(02) / ... para top(01)
Mensaje D / 00:00:00:000 / mcu(03) / ... para top(01)
Mensaje D / 00:00:00:000 / top(01) / ... para Root(00)
Mensaje X / 00:00:00:000 / Root(00) / din /     10.00000 para top(01)
Mensaje X / 00:00:00:000 / top(01) / din /     10.00000 para dtmf(02)
Mensaje D / 00:00:00:000 / dtmf(02) / 00:00:01:000 para top(01)
Mensaje D / 00:00:00:000 / top(01) / 00:00:01:000 para Root(00)
Mensaje * / 00:00:01:000 / Root(00) para top(01)
Mensaje * / 00:00:01:000 / top(01) para dtmf(02)
Mensaje Y / 00:00:01:000 / dtmf(02) / dout /      1.00000 para top(01)
Mensaje D / 00:00:01:000 / dtmf(02) / ... para top(01)
Mensaje X / 00:00:01:000 / top(01) / mcuin /      1.00000 para mcu(03)
Mensaje D / 00:00:01:000 / mcu(03) / 00:00:05:000 para top(01)
Mensaje D / 00:00:01:000 / top(01) / 00:00:05:000 para Root(00)
Mensaje * / 00:00:06:000 / Root(00) para top(01)
Mensaje * / 00:00:06:000 / top(01) para mcu(03)
Mensaje Y / 00:00:06:000 / mcu(03) / m4out /      1.00000 para top(01)
Mensaje Y / 00:00:06:000 / mcu(03) / m1out /      1.00000 para top(01)
Mensaje D / 00:00:06:000 / mcu(03) / ... para top(01)
Mensaje Y / 00:00:06:000 / top(01) / m4out /      1.00000 para Root(00)
Mensaje Y / 00:00:06:000 / top(01) / m1out /      1.00000 para Root(00)
Mensaje D / 00:00:06:000 / top(01) / ... para Root(00)
Mensaje X / 00:00:11:000 / Root(00) / din /     20.00000 para top(01)
Mensaje X / 00:00:11:000 / top(01) / din /     20.00000 para dtmf(02)
Mensaje D / 00:00:11:000 / dtmf(02) / 00:00:01:000 para top(01)
Mensaje D / 00:00:11:000 / top(01) / 00:00:01:000 para Root(00)
Mensaje * / 00:00:12:000 / Root(00) para top(01)
Mensaje * / 00:00:12:000 / top(01) para dtmf(02)
Mensaje Y / 00:00:12:000 / dtmf(02) / dout /      2.00000 para top(01)
Mensaje D / 00:00:12:000 / dtmf(02) / ... para top(01)
Mensaje X / 00:00:12:000 / top(01) / mcuin /      2.00000 para mcu(03)
Mensaje D / 00:00:12:000 / mcu(03) / 00:00:05:000 para top(01)
Mensaje D / 00:00:12:000 / top(01) / 00:00:05:000 para Root(00)
Mensaje * / 00:00:17:000 / Root(00) para top(01)
Mensaje * / 00:00:17:000 / top(01) para mcu(03)
Mensaje Y / 00:00:17:000 / mcu(03) / m4out /      2.00000 para top(01)
Mensaje Y / 00:00:17:000 / mcu(03) / m1out /      2.00000 para top(01)
Mensaje D / 00:00:17:000 / mcu(03) / ... para top(01)
Mensaje Y / 00:00:17:000 / top(01) / m4out /      2.00000 para Root(00)
Mensaje Y / 00:00:17:000 / top(01) / m1out /      2.00000 para Root(00)
Mensaje D / 00:00:17:000 / top(01) / ... para Root(00)
Mensaje X / 00:00:22:000 / Root(00) / din /     30.00000 para top(01)
Mensaje X / 00:00:22:000 / top(01) / din /     30.00000 para dtmf(02)
Mensaje D / 00:00:22:000 / dtmf(02) / 00:00:01:000 para top(01)
Mensaje D / 00:00:22:000 / top(01) / 00:00:01:000 para Root(00)
Mensaje * / 00:00:23:000 / Root(00) para top(01)
Mensaje * / 00:00:23:000 / top(01) para dtmf(02)
Mensaje Y / 00:00:23:000 / dtmf(02) / dout /      3.00000 para top(01)
Mensaje D / 00:00:23:000 / dtmf(02) / ... para top(01)
Mensaje X / 00:00:23:000 / top(01) / mcuin /      3.00000 para mcu(03)
Mensaje D / 00:00:23:000 / mcu(03) / 00:00:05:000 para top(01)
Mensaje D / 00:00:23:000 / top(01) / 00:00:05:000 para Root(00)
Mensaje * / 00:00:28:000 / Root(00) para top(01)
Mensaje * / 00:00:28:000 / top(01) para mcu(03)
Mensaje Y / 00:00:28:000 / mcu(03) / m4out /      3.00000 para top(01)
Mensaje Y / 00:00:28:000 / mcu(03) / m2out /      3.00000 para top(01)
Mensaje D / 00:00:28:000 / mcu(03) / ... para top(01)
Mensaje Y / 00:00:28:000 / top(01) / m4out /      3.00000 para Root(00)
Mensaje Y / 00:00:28:000 / top(01) / m2out /      3.00000 para Root(00)
Mensaje D / 00:00:28:000 / top(01) / ... para Root(00)
Mensaje X / 00:00:33:000 / Root(00) / din /     40.00000 para top(01)
Mensaje X / 00:00:33:000 / top(01) / din /     40.00000 para dtmf(02)
Mensaje D / 00:00:33:000 / dtmf(02) / 00:00:01:000 para top(01)
Mensaje D / 00:00:33:000 / top(01) / 00:00:01:000 para Root(00)
Mensaje * / 00:00:34:000 / Root(00) para top(01)
Mensaje * / 00:00:34:000 / top(01) para dtmf(02)
Mensaje Y / 00:00:34:000 / dtmf(02) / dout /      4.00000 para top(01)
Mensaje D / 00:00:34:000 / dtmf(02) / ... para top(01)
Mensaje X / 00:00:34:000 / top(01) / mcuin /      4.00000 para mcu(03)
Mensaje D / 00:00:34:000 / mcu(03) / 00:00:05:000 para top(01)
Mensaje D / 00:00:34:000 / top(01) / 00:00:05:000 para Root(00)
Mensaje * / 00:00:39:000 / Root(00) para top(01)
Mensaje * / 00:00:39:000 / top(01) para mcu(03)
Mensaje Y / 00:00:39:000 / mcu(03) / m4out /      4.00000 para top(01)
Mensaje Y / 00:00:39:000 / mcu(03) / m2out /      4.00000 para top(01)
Mensaje D / 00:00:39:000 / mcu(03) / ... para top(01)
Mensaje Y / 00:00:39:000 / top(01) / m4out /      4.00000 para Root(00)
Mensaje Y / 00:00:39:000 / top(01) / m2out /      4.00000 para Root(00)
Mensaje D / 00:00:39:000 / top(01) / ... para Root(00)
Mensaje X / 00:00:44:000 / Root(00) / din /     50.00000 para top(01)
Mensaje X / 00:00:44:000 / top(01) / din /     50.00000 para dtmf(02)
Mensaje D / 00:00:44:000 / dtmf(02) / 00:00:01:000 para top(01)
Mensaje D / 00:00:44:000 / top(01) / 00:00:01:000 para Root(00)
Mensaje * / 00:00:45:000 / Root(00) para top(01)
Mensaje * / 00:00:45:000 / top(01) para dtmf(02)
Mensaje Y / 00:00:45:000 / dtmf(02) / dout /      5.00000 para top(01)
Mensaje D / 00:00:45:000 / dtmf(02) / ... para top(01)
Mensaje X / 00:00:45:000 / top(01) / mcuin /      5.00000 para mcu(03)
Mensaje D / 00:00:45:000 / mcu(03) / 00:00:05:000 para top(01)
Mensaje D / 00:00:45:000 / top(01) / 00:00:05:000 para Root(00)
Mensaje * / 00:00:50:000 / Root(00) para top(01)
Mensaje * / 00:00:50:000 / top(01) para mcu(03)
Mensaje Y / 00:00:50:000 / mcu(03) / m4out /      5.00000 para top(01)
Mensaje Y / 00:00:50:000 / mcu(03) / m3out /      5.00000 para top(01)
Mensaje D / 00:00:50:000 / mcu(03) / ... para top(01)
Mensaje Y / 00:00:50:000 / top(01) / m4out /      5.00000 para Root(00)
Mensaje Y / 00:00:50:000 / top(01) / m3out /      5.00000 para Root(00)
Mensaje D / 00:00:50:000 / top(01) / ... para Root(00)
Mensaje X / 00:02:10:000 / Root(00) / din /     60.00000 para top(01)
Mensaje X / 00:02:10:000 / top(01) / din /     60.00000 para dtmf(02)
Mensaje D / 00:02:10:000 / dtmf(02) / 00:00:01:000 para top(01)
Mensaje D / 00:02:10:000 / top(01) / 00:00:01:000 para Root(00)
Mensaje * / 00:02:11:000 / Root(00) para top(01)
Mensaje * / 00:02:11:000 / top(01) para dtmf(02)
Mensaje Y / 00:02:11:000 / dtmf(02) / dout /      6.00000 para top(01)
Mensaje D / 00:02:11:000 / dtmf(02) / ... para top(01)
Mensaje X / 00:02:11:000 / top(01) / mcuin /      6.00000 para mcu(03)
Mensaje D / 00:02:11:000 / mcu(03) / 00:00:05:000 para top(01)
Mensaje D / 00:02:11:000 / top(01) / 00:00:05:000 para Root(00)
Mensaje * / 00:02:16:000 / Root(00) para top(01)
Mensaje * / 00:02:16:000 / top(01) para mcu(03)
Mensaje Y / 00:02:16:000 / mcu(03) / m4out /      6.00000 para top(01)
Mensaje Y / 00:02:16:000 / mcu(03) / m3out /      6.00000 para top(01)
Mensaje D / 00:02:16:000 / mcu(03) / ... para top(01)
Mensaje Y / 00:02:16:000 / top(01) / m4out /      6.00000 para Root(00)
Mensaje Y / 00:02:16:000 / top(01) / m3out /      6.00000 para Root(00)
Mensaje D / 00:02:16:000 / top(01) / ... para Root(00)
