Mensaje I / 00:00:00:000 / Root(00) para top(01)
Mensaje I / 00:00:00:000 / top(01) para dtmf(02)
Mensaje D / 00:00:00:000 / dtmf(02) / ... para top(01)
Mensaje D / 00:00:00:000 / top(01) / ... para Root(00)
Mensaje X / 00:00:10:000 / Root(00) / din /     10.00000 para top(01)
Mensaje X / 00:00:10:000 / top(01) / din /     10.00000 para dtmf(02)
Mensaje D / 00:00:10:000 / dtmf(02) / 00:00:01:000 para top(01)
Mensaje D / 00:00:10:000 / top(01) / 00:00:01:000 para Root(00)
Mensaje * / 00:00:11:000 / Root(00) para top(01)
Mensaje * / 00:00:11:000 / top(01) para dtmf(02)
Mensaje Y / 00:00:11:000 / dtmf(02) / dout /      1.00000 para top(01)
Mensaje D / 00:00:11:000 / dtmf(02) / ... para top(01)
Mensaje Y / 00:00:11:000 / top(01) / dout /      1.00000 para Root(00)
Mensaje D / 00:00:11:000 / top(01) / ... para Root(00)
Mensaje X / 00:00:20:000 / Root(00) / din /     20.00000 para top(01)
Mensaje X / 00:00:20:000 / top(01) / din /     20.00000 para dtmf(02)
Mensaje D / 00:00:20:000 / dtmf(02) / 00:00:01:000 para top(01)
Mensaje D / 00:00:20:000 / top(01) / 00:00:01:000 para Root(00)
Mensaje * / 00:00:21:000 / Root(00) para top(01)
Mensaje * / 00:00:21:000 / top(01) para dtmf(02)
Mensaje Y / 00:00:21:000 / dtmf(02) / dout /      2.00000 para top(01)
Mensaje D / 00:00:21:000 / dtmf(02) / ... para top(01)
Mensaje Y / 00:00:21:000 / top(01) / dout /      2.00000 para Root(00)
Mensaje D / 00:00:21:000 / top(01) / ... para Root(00)
Mensaje X / 00:00:30:000 / Root(00) / din /     30.00000 para top(01)
Mensaje X / 00:00:30:000 / top(01) / din /     30.00000 para dtmf(02)
Mensaje D / 00:00:30:000 / dtmf(02) / 00:00:01:000 para top(01)
Mensaje D / 00:00:30:000 / top(01) / 00:00:01:000 para Root(00)
Mensaje * / 00:00:31:000 / Root(00) para top(01)
Mensaje * / 00:00:31:000 / top(01) para dtmf(02)
Mensaje Y / 00:00:31:000 / dtmf(02) / dout /      3.00000 para top(01)
Mensaje D / 00:00:31:000 / dtmf(02) / ... para top(01)
Mensaje Y / 00:00:31:000 / top(01) / dout /      3.00000 para Root(00)
Mensaje D / 00:00:31:000 / top(01) / ... para Root(00)
Mensaje X / 00:00:40:000 / Root(00) / din /     40.00000 para top(01)
Mensaje X / 00:00:40:000 / top(01) / din /     40.00000 para dtmf(02)
Mensaje D / 00:00:40:000 / dtmf(02) / 00:00:01:000 para top(01)
Mensaje D / 00:00:40:000 / top(01) / 00:00:01:000 para Root(00)
Mensaje * / 00:00:41:000 / Root(00) para top(01)
Mensaje * / 00:00:41:000 / top(01) para dtmf(02)
Mensaje Y / 00:00:41:000 / dtmf(02) / dout /      4.00000 para top(01)
Mensaje D / 00:00:41:000 / dtmf(02) / ... para top(01)
Mensaje Y / 00:00:41:000 / top(01) / dout /      4.00000 para Root(00)
Mensaje D / 00:00:41:000 / top(01) / ... para Root(00)
Mensaje X / 00:00:50:000 / Root(00) / din /     50.00000 para top(01)
Mensaje X / 00:00:50:000 / top(01) / din /     50.00000 para dtmf(02)
Mensaje D / 00:00:50:000 / dtmf(02) / 00:00:01:000 para top(01)
Mensaje D / 00:00:50:000 / top(01) / 00:00:01:000 para Root(00)
Mensaje * / 00:00:51:000 / Root(00) para top(01)
Mensaje * / 00:00:51:000 / top(01) para dtmf(02)
Mensaje Y / 00:00:51:000 / dtmf(02) / dout /      5.00000 para top(01)
Mensaje D / 00:00:51:000 / dtmf(02) / ... para top(01)
Mensaje Y / 00:00:51:000 / top(01) / dout /      5.00000 para Root(00)
Mensaje D / 00:00:51:000 / top(01) / ... para Root(00)
Mensaje X / 00:01:10:000 / Root(00) / din /     60.00000 para top(01)
Mensaje X / 00:01:10:000 / top(01) / din /     60.00000 para dtmf(02)
Mensaje D / 00:01:10:000 / dtmf(02) / 00:00:01:000 para top(01)
Mensaje D / 00:01:10:000 / top(01) / 00:00:01:000 para Root(00)
Mensaje * / 00:01:11:000 / Root(00) para top(01)
Mensaje * / 00:01:11:000 / top(01) para dtmf(02)
Mensaje Y / 00:01:11:000 / dtmf(02) / dout /      6.00000 para top(01)
Mensaje D / 00:01:11:000 / dtmf(02) / ... para top(01)
Mensaje Y / 00:01:11:000 / top(01) / dout /      6.00000 para Root(00)
Mensaje D / 00:01:11:000 / top(01) / ... para Root(00)
Mensaje X / 00:01:20:000 / Root(00) / din /     70.00000 para top(01)
Mensaje X / 00:01:20:000 / top(01) / din /     70.00000 para dtmf(02)
Mensaje D / 00:01:20:000 / dtmf(02) / 00:00:01:000 para top(01)
Mensaje D / 00:01:20:000 / top(01) / 00:00:01:000 para Root(00)
Mensaje * / 00:01:21:000 / Root(00) para top(01)
Mensaje * / 00:01:21:000 / top(01) para dtmf(02)
Mensaje Y / 00:01:21:000 / dtmf(02) / dout /      7.00000 para top(01)
Mensaje D / 00:01:21:000 / dtmf(02) / ... para top(01)
Mensaje Y / 00:01:21:000 / top(01) / dout /      7.00000 para Root(00)
Mensaje D / 00:01:21:000 / top(01) / ... para Root(00)
Mensaje X / 00:01:30:000 / Root(00) / din /     80.00000 para top(01)
Mensaje X / 00:01:30:000 / top(01) / din /     80.00000 para dtmf(02)
Mensaje D / 00:01:30:000 / dtmf(02) / 00:00:01:000 para top(01)
Mensaje D / 00:01:30:000 / top(01) / 00:00:01:000 para Root(00)
Mensaje * / 00:01:31:000 / Root(00) para top(01)
Mensaje * / 00:01:31:000 / top(01) para dtmf(02)
Mensaje Y / 00:01:31:000 / dtmf(02) / dout /      8.00000 para top(01)
Mensaje D / 00:01:31:000 / dtmf(02) / ... para top(01)
Mensaje Y / 00:01:31:000 / top(01) / dout /      8.00000 para Root(00)
Mensaje D / 00:01:31:000 / top(01) / ... para Root(00)
Mensaje X / 00:01:40:000 / Root(00) / din /     90.00000 para top(01)
Mensaje X / 00:01:40:000 / top(01) / din /     90.00000 para dtmf(02)
Mensaje D / 00:01:40:000 / dtmf(02) / 00:00:01:000 para top(01)
Mensaje D / 00:01:40:000 / top(01) / 00:00:01:000 para Root(00)
Mensaje * / 00:01:41:000 / Root(00) para top(01)
Mensaje * / 00:01:41:000 / top(01) para dtmf(02)
Mensaje Y / 00:01:41:000 / dtmf(02) / dout /      9.00000 para top(01)
Mensaje D / 00:01:41:000 / dtmf(02) / ... para top(01)
Mensaje Y / 00:01:41:000 / top(01) / dout /      9.00000 para Root(00)
Mensaje D / 00:01:41:000 / top(01) / ... para Root(00)
Mensaje X / 00:01:50:000 / Root(00) / din /    100.00000 para top(01)
Mensaje X / 00:01:50:000 / top(01) / din /    100.00000 para dtmf(02)
Mensaje D / 00:01:50:000 / dtmf(02) / 00:00:01:000 para top(01)
Mensaje D / 00:01:50:000 / top(01) / 00:00:01:000 para Root(00)
Mensaje * / 00:01:51:000 / Root(00) para top(01)
Mensaje * / 00:01:51:000 / top(01) para dtmf(02)
Mensaje Y / 00:01:51:000 / dtmf(02) / dout /     10.00000 para top(01)
Mensaje D / 00:01:51:000 / dtmf(02) / ... para top(01)
Mensaje Y / 00:01:51:000 / top(01) / dout /     10.00000 para Root(00)
Mensaje D / 00:01:51:000 / top(01) / ... para Root(00)
