Mensaje I / 00:00:00:000 / Root(00) para top(01)
Mensaje I / 00:00:00:000 / top(01) para gsm(02)
Mensaje D / 00:00:00:000 / gsm(02) / ... para top(01)
Mensaje D / 00:00:00:000 / top(01) / ... para Root(00)
Mensaje X / 00:00:00:000 / Root(00) / callin /     10.00000 para top(01)
Mensaje X / 00:00:00:000 / top(01) / callin /     10.00000 para gsm(02)
Mensaje D / 00:00:00:000 / gsm(02) / 00:00:02:000 para top(01)
Mensaje D / 00:00:00:000 / top(01) / 00:00:02:000 para Root(00)
Mensaje * / 00:00:02:000 / Root(00) para top(01)
Mensaje * / 00:00:02:000 / top(01) para gsm(02)
Mensaje Y / 00:00:02:000 / gsm(02) / gsmout /     10.00000 para top(01)
Mensaje D / 00:00:02:000 / gsm(02) / ... para top(01)
Mensaje Y / 00:00:02:000 / top(01) / gsmout /     10.00000 para Root(00)
Mensaje D / 00:00:02:000 / top(01) / ... para Root(00)
Mensaje X / 00:00:11:000 / Root(00) / callin /     20.00000 para top(01)
Mensaje X / 00:00:11:000 / top(01) / callin /     20.00000 para gsm(02)
Mensaje D / 00:00:11:000 / gsm(02) / 00:00:02:000 para top(01)
Mensaje D / 00:00:11:000 / top(01) / 00:00:02:000 para Root(00)
Mensaje * / 00:00:13:000 / Root(00) para top(01)
Mensaje * / 00:00:13:000 / top(01) para gsm(02)
Mensaje Y / 00:00:13:000 / gsm(02) / gsmout /     20.00000 para top(01)
Mensaje D / 00:00:13:000 / gsm(02) / ... para top(01)
Mensaje Y / 00:00:13:000 / top(01) / gsmout /     20.00000 para Root(00)
Mensaje D / 00:00:13:000 / top(01) / ... para Root(00)
Mensaje X / 00:00:22:000 / Root(00) / callin /     30.00000 para top(01)
Mensaje X / 00:00:22:000 / top(01) / callin /     30.00000 para gsm(02)
Mensaje D / 00:00:22:000 / gsm(02) / 00:00:02:000 para top(01)
Mensaje D / 00:00:22:000 / top(01) / 00:00:02:000 para Root(00)
Mensaje * / 00:00:24:000 / Root(00) para top(01)
Mensaje * / 00:00:24:000 / top(01) para gsm(02)
Mensaje Y / 00:00:24:000 / gsm(02) / gsmout /     30.00000 para top(01)
Mensaje D / 00:00:24:000 / gsm(02) / ... para top(01)
Mensaje Y / 00:00:24:000 / top(01) / gsmout /     30.00000 para Root(00)
Mensaje D / 00:00:24:000 / top(01) / ... para Root(00)
Mensaje X / 00:00:33:000 / Root(00) / callin /     40.00000 para top(01)
Mensaje X / 00:00:33:000 / top(01) / callin /     40.00000 para gsm(02)
Mensaje D / 00:00:33:000 / gsm(02) / 00:00:02:000 para top(01)
Mensaje D / 00:00:33:000 / top(01) / 00:00:02:000 para Root(00)
Mensaje * / 00:00:35:000 / Root(00) para top(01)
Mensaje * / 00:00:35:000 / top(01) para gsm(02)
Mensaje Y / 00:00:35:000 / gsm(02) / gsmout /     40.00000 para top(01)
Mensaje D / 00:00:35:000 / gsm(02) / ... para top(01)
Mensaje Y / 00:00:35:000 / top(01) / gsmout /     40.00000 para Root(00)
Mensaje D / 00:00:35:000 / top(01) / ... para Root(00)
Mensaje X / 00:00:44:000 / Root(00) / callin /     50.00000 para top(01)
Mensaje X / 00:00:44:000 / top(01) / callin /     50.00000 para gsm(02)
Mensaje D / 00:00:44:000 / gsm(02) / 00:00:02:000 para top(01)
Mensaje D / 00:00:44:000 / top(01) / 00:00:02:000 para Root(00)
Mensaje * / 00:00:46:000 / Root(00) para top(01)
Mensaje * / 00:00:46:000 / top(01) para gsm(02)
Mensaje Y / 00:00:46:000 / gsm(02) / gsmout /     50.00000 para top(01)
Mensaje D / 00:00:46:000 / gsm(02) / ... para top(01)
Mensaje Y / 00:00:46:000 / top(01) / gsmout /     50.00000 para Root(00)
Mensaje D / 00:00:46:000 / top(01) / ... para Root(00)
Mensaje X / 00:02:10:000 / Root(00) / callin /     60.00000 para top(01)
Mensaje X / 00:02:10:000 / top(01) / callin /     60.00000 para gsm(02)
Mensaje D / 00:02:10:000 / gsm(02) / 00:00:02:000 para top(01)
Mensaje D / 00:02:10:000 / top(01) / 00:00:02:000 para Root(00)
Mensaje * / 00:02:12:000 / Root(00) para top(01)
Mensaje * / 00:02:12:000 / top(01) para gsm(02)
Mensaje Y / 00:02:12:000 / gsm(02) / gsmout /     60.00000 para top(01)
Mensaje D / 00:02:12:000 / gsm(02) / ... para top(01)
Mensaje Y / 00:02:12:000 / top(01) / gsmout /     60.00000 para Root(00)
Mensaje D / 00:02:12:000 / top(01) / ... para Root(00)
Mensaje X / 00:02:20:000 / Root(00) / callin /     70.00000 para top(01)
Mensaje X / 00:02:20:000 / top(01) / callin /     70.00000 para gsm(02)
Mensaje D / 00:02:20:000 / gsm(02) / ... para top(01)
Mensaje D / 00:02:20:000 / top(01) / ... para Root(00)
Mensaje X / 00:02:30:000 / Root(00) / callin /     80.00000 para top(01)
Mensaje X / 00:02:30:000 / top(01) / callin /     80.00000 para gsm(02)
Mensaje D / 00:02:30:000 / gsm(02) / ... para top(01)
Mensaje D / 00:02:30:000 / top(01) / ... para Root(00)
Mensaje X / 00:02:39:000 / Root(00) / callin /     90.00000 para top(01)
Mensaje X / 00:02:39:000 / top(01) / callin /     90.00000 para gsm(02)
Mensaje D / 00:02:39:000 / gsm(02) / ... para top(01)
Mensaje D / 00:02:39:000 / top(01) / ... para Root(00)
