Mensaje I / 00:00:00:000 / Root(00) para top(01)
Mensaje I / 00:00:00:000 / top(01) para mcu(02)
Mensaje D / 00:00:00:000 / mcu(02) / ... para top(01)
Mensaje D / 00:00:00:000 / top(01) / ... para Root(00)
Mensaje X / 00:00:10:000 / Root(00) / mcuin /      1.00000 para top(01)
Mensaje X / 00:00:10:000 / top(01) / mcuin /      1.00000 para mcu(02)
Mensaje D / 00:00:10:000 / mcu(02) / 00:00:05:000 para top(01)
Mensaje D / 00:00:10:000 / top(01) / 00:00:05:000 para Root(00)
Mensaje * / 00:00:15:000 / Root(00) para top(01)
Mensaje * / 00:00:15:000 / top(01) para mcu(02)
Mensaje Y / 00:00:15:000 / mcu(02) / m4out /      1.00000 para top(01)
Mensaje Y / 00:00:15:000 / mcu(02) / m1out /      1.00000 para top(01)
Mensaje D / 00:00:15:000 / mcu(02) / ... para top(01)
Mensaje Y / 00:00:15:000 / top(01) / m4out /      1.00000 para Root(00)
Mensaje Y / 00:00:15:000 / top(01) / m1out /      1.00000 para Root(00)
Mensaje D / 00:00:15:000 / top(01) / ... para Root(00)
Mensaje X / 00:00:20:000 / Root(00) / mcuin /      2.00000 para top(01)
Mensaje X / 00:00:20:000 / top(01) / mcuin /      2.00000 para mcu(02)
Mensaje D / 00:00:20:000 / mcu(02) / 00:00:05:000 para top(01)
Mensaje D / 00:00:20:000 / top(01) / 00:00:05:000 para Root(00)
Mensaje * / 00:00:25:000 / Root(00) para top(01)
Mensaje * / 00:00:25:000 / top(01) para mcu(02)
Mensaje Y / 00:00:25:000 / mcu(02) / m4out /      2.00000 para top(01)
Mensaje Y / 00:00:25:000 / mcu(02) / m1out /      2.00000 para top(01)
Mensaje D / 00:00:25:000 / mcu(02) / ... para top(01)
Mensaje Y / 00:00:25:000 / top(01) / m4out /      2.00000 para Root(00)
Mensaje Y / 00:00:25:000 / top(01) / m1out /      2.00000 para Root(00)
Mensaje D / 00:00:25:000 / top(01) / ... para Root(00)
Mensaje X / 00:00:30:000 / Root(00) / mcuin /      3.00000 para top(01)
Mensaje X / 00:00:30:000 / top(01) / mcuin /      3.00000 para mcu(02)
Mensaje D / 00:00:30:000 / mcu(02) / 00:00:05:000 para top(01)
Mensaje D / 00:00:30:000 / top(01) / 00:00:05:000 para Root(00)
Mensaje * / 00:00:35:000 / Root(00) para top(01)
Mensaje * / 00:00:35:000 / top(01) para mcu(02)
Mensaje Y / 00:00:35:000 / mcu(02) / m4out /      3.00000 para top(01)
Mensaje Y / 00:00:35:000 / mcu(02) / m2out /      3.00000 para top(01)
Mensaje D / 00:00:35:000 / mcu(02) / ... para top(01)
Mensaje Y / 00:00:35:000 / top(01) / m4out /      3.00000 para Root(00)
Mensaje Y / 00:00:35:000 / top(01) / m2out /      3.00000 para Root(00)
Mensaje D / 00:00:35:000 / top(01) / ... para Root(00)
Mensaje X / 00:00:40:000 / Root(00) / mcuin /      4.00000 para top(01)
Mensaje X / 00:00:40:000 / top(01) / mcuin /      4.00000 para mcu(02)
Mensaje D / 00:00:40:000 / mcu(02) / 00:00:05:000 para top(01)
Mensaje D / 00:00:40:000 / top(01) / 00:00:05:000 para Root(00)
Mensaje * / 00:00:45:000 / Root(00) para top(01)
Mensaje * / 00:00:45:000 / top(01) para mcu(02)
Mensaje Y / 00:00:45:000 / mcu(02) / m4out /      4.00000 para top(01)
Mensaje Y / 00:00:45:000 / mcu(02) / m2out /      4.00000 para top(01)
Mensaje D / 00:00:45:000 / mcu(02) / ... para top(01)
Mensaje Y / 00:00:45:000 / top(01) / m4out /      4.00000 para Root(00)
Mensaje Y / 00:00:45:000 / top(01) / m2out /      4.00000 para Root(00)
Mensaje D / 00:00:45:000 / top(01) / ... para Root(00)
Mensaje X / 00:00:50:000 / Root(00) / mcuin /      5.00000 para top(01)
Mensaje X / 00:00:50:000 / top(01) / mcuin /      5.00000 para mcu(02)
Mensaje D / 00:00:50:000 / mcu(02) / 00:00:05:000 para top(01)
Mensaje D / 00:00:50:000 / top(01) / 00:00:05:000 para Root(00)
Mensaje * / 00:00:55:000 / Root(00) para top(01)
Mensaje * / 00:00:55:000 / top(01) para mcu(02)
Mensaje Y / 00:00:55:000 / mcu(02) / m4out /      5.00000 para top(01)
Mensaje Y / 00:00:55:000 / mcu(02) / m3out /      5.00000 para top(01)
Mensaje D / 00:00:55:000 / mcu(02) / ... para top(01)
Mensaje Y / 00:00:55:000 / top(01) / m4out /      5.00000 para Root(00)
Mensaje Y / 00:00:55:000 / top(01) / m3out /      5.00000 para Root(00)
Mensaje D / 00:00:55:000 / top(01) / ... para Root(00)
Mensaje X / 00:01:00:000 / Root(00) / mcuin /      6.00000 para top(01)
Mensaje X / 00:01:00:000 / top(01) / mcuin /      6.00000 para mcu(02)
Mensaje D / 00:01:00:000 / mcu(02) / 00:00:05:000 para top(01)
Mensaje D / 00:01:00:000 / top(01) / 00:00:05:000 para Root(00)
Mensaje * / 00:01:05:000 / Root(00) para top(01)
Mensaje * / 00:01:05:000 / top(01) para mcu(02)
Mensaje Y / 00:01:05:000 / mcu(02) / m4out /      6.00000 para top(01)
Mensaje Y / 00:01:05:000 / mcu(02) / m3out /      6.00000 para top(01)
Mensaje D / 00:01:05:000 / mcu(02) / ... para top(01)
Mensaje Y / 00:01:05:000 / top(01) / m4out /      6.00000 para Root(00)
Mensaje Y / 00:01:05:000 / top(01) / m3out /      6.00000 para Root(00)
Mensaje D / 00:01:05:000 / top(01) / ... para Root(00)
Mensaje X / 00:01:30:000 / Root(00) / mcuin /    688.00000 para top(01)
Mensaje X / 00:01:30:000 / top(01) / mcuin /    688.00000 para mcu(02)
Mensaje D / 00:01:30:000 / mcu(02) / 00:00:05:000 para top(01)
Mensaje D / 00:01:30:000 / top(01) / 00:00:05:000 para Root(00)
Mensaje * / 00:01:35:000 / Root(00) para top(01)
Mensaje * / 00:01:35:000 / top(01) para mcu(02)
Mensaje D / 00:01:35:000 / mcu(02) / ... para top(01)
Mensaje D / 00:01:35:000 / top(01) / ... para Root(00)
Mensaje X / 00:02:10:000 / Root(00) / mcuin /     98.00000 para top(01)
Mensaje X / 00:02:10:000 / top(01) / mcuin /     98.00000 para mcu(02)
Mensaje D / 00:02:10:000 / mcu(02) / 00:00:05:000 para top(01)
Mensaje D / 00:02:10:000 / top(01) / 00:00:05:000 para Root(00)
Mensaje * / 00:02:15:000 / Root(00) para top(01)
Mensaje * / 00:02:15:000 / top(01) para mcu(02)
Mensaje D / 00:02:15:000 / mcu(02) / ... para top(01)
Mensaje D / 00:02:15:000 / top(01) / ... para Root(00)
Mensaje X / 00:03:10:000 / Root(00) / mcuin /     68.00000 para top(01)
Mensaje X / 00:03:10:000 / top(01) / mcuin /     68.00000 para mcu(02)
Mensaje D / 00:03:10:000 / mcu(02) / 00:00:05:000 para top(01)
Mensaje D / 00:03:10:000 / top(01) / 00:00:05:000 para Root(00)
Mensaje * / 00:03:15:000 / Root(00) para top(01)
Mensaje * / 00:03:15:000 / top(01) para mcu(02)
Mensaje D / 00:03:15:000 / mcu(02) / ... para top(01)
Mensaje D / 00:03:15:000 / top(01) / ... para Root(00)
