Mensaje I / 00:00:00:000 / Root(00) para top(01)
Mensaje I / 00:00:00:000 / top(01) para relay2(02)
Mensaje D / 00:00:00:000 / relay2(02) / ... para top(01)
Mensaje D / 00:00:00:000 / top(01) / ... para Root(00)
Mensaje X / 00:00:20:000 / Root(00) / r2in /      1.00000 para top(01)
Mensaje X / 00:00:20:000 / top(01) / r2in /      1.00000 para relay2(02)
Mensaje D / 00:00:20:000 / relay2(02) / 00:00:00:000 para top(01)
Mensaje D / 00:00:20:000 / top(01) / 00:00:00:000 para Root(00)
Mensaje * / 00:00:20:000 / Root(00) para top(01)
Mensaje * / 00:00:20:000 / top(01) para relay2(02)
Mensaje Y / 00:00:20:000 / relay2(02) / r2out /      1.00000 para top(01)
Mensaje D / 00:00:20:000 / relay2(02) / ... para top(01)
Mensaje Y / 00:00:20:000 / top(01) / r2out /      1.00000 para Root(00)
Mensaje D / 00:00:20:000 / top(01) / ... para Root(00)
Mensaje X / 00:00:30:000 / Root(00) / r2in /      2.00000 para top(01)
Mensaje X / 00:00:30:000 / top(01) / r2in /      2.00000 para relay2(02)
Mensaje D / 00:00:30:000 / relay2(02) / 00:00:00:000 para top(01)
Mensaje D / 00:00:30:000 / top(01) / 00:00:00:000 para Root(00)
Mensaje * / 00:00:30:000 / Root(00) para top(01)
Mensaje * / 00:00:30:000 / top(01) para relay2(02)
Mensaje Y / 00:00:30:000 / relay2(02) / r2out /      0.00000 para top(01)
Mensaje D / 00:00:30:000 / relay2(02) / ... para top(01)
Mensaje Y / 00:00:30:000 / top(01) / r2out /      0.00000 para Root(00)
Mensaje D / 00:00:30:000 / top(01) / ... para Root(00)
Mensaje X / 00:00:45:000 / Root(00) / r2in /      3.00000 para top(01)
Mensaje X / 00:00:45:000 / top(01) / r2in /      3.00000 para relay2(02)
Mensaje D / 00:00:45:000 / relay2(02) / 00:00:00:000 para top(01)
Mensaje D / 00:00:45:000 / top(01) / 00:00:00:000 para Root(00)
Mensaje * / 00:00:45:000 / Root(00) para top(01)
Mensaje * / 00:00:45:000 / top(01) para relay2(02)
Mensaje Y / 00:00:45:000 / relay2(02) / r2out /      1.00000 para top(01)
Mensaje D / 00:00:45:000 / relay2(02) / ... para top(01)
Mensaje Y / 00:00:45:000 / top(01) / r2out /      1.00000 para Root(00)
Mensaje D / 00:00:45:000 / top(01) / ... para Root(00)
Mensaje X / 00:00:52:000 / Root(00) / r2in /      4.00000 para top(01)
Mensaje X / 00:00:52:000 / top(01) / r2in /      4.00000 para relay2(02)
Mensaje D / 00:00:52:000 / relay2(02) / 00:00:00:000 para top(01)
Mensaje D / 00:00:52:000 / top(01) / 00:00:00:000 para Root(00)
Mensaje * / 00:00:52:000 / Root(00) para top(01)
Mensaje * / 00:00:52:000 / top(01) para relay2(02)
Mensaje Y / 00:00:52:000 / relay2(02) / r2out /      0.00000 para top(01)
Mensaje D / 00:00:52:000 / relay2(02) / ... para top(01)
Mensaje Y / 00:00:52:000 / top(01) / r2out /      0.00000 para Root(00)
Mensaje D / 00:00:52:000 / top(01) / ... para Root(00)
Mensaje X / 00:02:25:000 / Root(00) / r2in /      5.00000 para top(01)
Mensaje X / 00:02:25:000 / top(01) / r2in /      5.00000 para relay2(02)
Mensaje D / 00:02:25:000 / relay2(02) / 00:00:00:000 para top(01)
Mensaje D / 00:02:25:000 / top(01) / 00:00:00:000 para Root(00)
Mensaje * / 00:02:25:000 / Root(00) para top(01)
Mensaje * / 00:02:25:000 / top(01) para relay2(02)
Mensaje Y / 00:02:25:000 / relay2(02) / r2out /      1.00000 para top(01)
Mensaje D / 00:02:25:000 / relay2(02) / ... para top(01)
Mensaje Y / 00:02:25:000 / top(01) / r2out /      1.00000 para Root(00)
Mensaje D / 00:02:25:000 / top(01) / ... para Root(00)
Mensaje X / 00:02:35:000 / Root(00) / r2in /      6.00000 para top(01)
Mensaje X / 00:02:35:000 / top(01) / r2in /      6.00000 para relay2(02)
Mensaje D / 00:02:35:000 / relay2(02) / 00:00:00:000 para top(01)
Mensaje D / 00:02:35:000 / top(01) / 00:00:00:000 para Root(00)
Mensaje * / 00:02:35:000 / Root(00) para top(01)
Mensaje * / 00:02:35:000 / top(01) para relay2(02)
Mensaje Y / 00:02:35:000 / relay2(02) / r2out /      0.00000 para top(01)
Mensaje D / 00:02:35:000 / relay2(02) / ... para top(01)
Mensaje Y / 00:02:35:000 / top(01) / r2out /      0.00000 para Root(00)
Mensaje D / 00:02:35:000 / top(01) / ... para Root(00)
