Mensaje I / 00:00:00:000 / Root(00) para top(01)
Mensaje I / 00:00:00:000 / top(01) para gsm(02)
Mensaje I / 00:00:00:000 / top(01) para relay1(03)
Mensaje I / 00:00:00:000 / top(01) para relay2(04)
Mensaje I / 00:00:00:000 / top(01) para relay3(05)
Mensaje I / 00:00:00:000 / top(01) para soundch(06)
Mensaje I / 00:00:00:000 / top(01) para control(07)
Mensaje D / 00:00:00:000 / gsm(02) / ... para top(01)
Mensaje D / 00:00:00:000 / relay1(03) / ... para top(01)
Mensaje D / 00:00:00:000 / relay2(04) / ... para top(01)
Mensaje D / 00:00:00:000 / relay3(05) / ... para top(01)
Mensaje D / 00:00:00:000 / soundch(06) / ... para top(01)
Mensaje I / 00:00:00:000 / control(07) para dtmf(08)
Mensaje I / 00:00:00:000 / control(07) para mcu(09)
Mensaje D / 00:00:00:000 / dtmf(08) / ... para control(07)
Mensaje D / 00:00:00:000 / mcu(09) / ... para control(07)
Mensaje D / 00:00:00:000 / control(07) / ... para top(01)
Mensaje D / 00:00:00:000 / top(01) / ... para Root(00)
Mensaje X / 00:00:00:000 / Root(00) / callin /     10.00000 para top(01)
Mensaje X / 00:00:00:000 / top(01) / callin /     10.00000 para gsm(02)
Mensaje D / 00:00:00:000 / gsm(02) / 00:00:02:000 para top(01)
Mensaje D / 00:00:00:000 / top(01) / 00:00:02:000 para Root(00)
Mensaje * / 00:00:02:000 / Root(00) para top(01)
Mensaje * / 00:00:02:000 / top(01) para gsm(02)
Mensaje Y / 00:00:02:000 / gsm(02) / gsmout /     10.00000 para top(01)
Mensaje D / 00:00:02:000 / gsm(02) / ... para top(01)
Mensaje X / 00:00:02:000 / top(01) / din /     10.00000 para control(07)
Mensaje X / 00:00:02:000 / control(07) / din /     10.00000 para dtmf(08)
Mensaje D / 00:00:02:000 / dtmf(08) / 00:00:01:000 para control(07)
Mensaje D / 00:00:02:000 / control(07) / 00:00:01:000 para top(01)
Mensaje D / 00:00:02:000 / top(01) / 00:00:01:000 para Root(00)
Mensaje * / 00:00:03:000 / Root(00) para top(01)
Mensaje * / 00:00:03:000 / top(01) para control(07)
Mensaje * / 00:00:03:000 / control(07) para dtmf(08)
Mensaje Y / 00:00:03:000 / dtmf(08) / dout /      1.00000 para control(07)
Mensaje D / 00:00:03:000 / dtmf(08) / ... para control(07)
Mensaje X / 00:00:03:000 / control(07) / mcuin /      1.00000 para mcu(09)
Mensaje D / 00:00:03:000 / mcu(09) / 00:00:05:000 para control(07)
Mensaje D / 00:00:03:000 / control(07) / 00:00:05:000 para top(01)
Mensaje D / 00:00:03:000 / top(01) / 00:00:05:000 para Root(00)
Mensaje * / 00:00:08:000 / Root(00) para top(01)
Mensaje * / 00:00:08:000 / top(01) para control(07)
Mensaje * / 00:00:08:000 / control(07) para mcu(09)
Mensaje Y / 00:00:08:000 / mcu(09) / m4out /      1.00000 para control(07)
Mensaje Y / 00:00:08:000 / mcu(09) / m1out /      1.00000 para control(07)
Mensaje D / 00:00:08:000 / mcu(09) / ... para control(07)
Mensaje Y / 00:00:08:000 / control(07) / m4out /      1.00000 para top(01)
Mensaje Y / 00:00:08:000 / control(07) / m1out /      1.00000 para top(01)
Mensaje D / 00:00:08:000 / control(07) / ... para top(01)
Mensaje X / 00:00:08:000 / top(01) / scin /      1.00000 para soundch(06)
Mensaje X / 00:00:08:000 / top(01) / r1in /      1.00000 para relay1(03)
Mensaje D / 00:00:08:000 / soundch(06) / 00:00:10:000 para top(01)
Mensaje D / 00:00:08:000 / relay1(03) / 00:00:00:000 para top(01)
Mensaje D / 00:00:08:000 / top(01) / 00:00:00:000 para Root(00)
Mensaje * / 00:00:08:000 / Root(00) para top(01)
Mensaje * / 00:00:08:000 / top(01) para relay1(03)
Mensaje Y / 00:00:08:000 / relay1(03) / r1out /      1.00000 para top(01)
Mensaje D / 00:00:08:000 / relay1(03) / ... para top(01)
Mensaje Y / 00:00:08:000 / top(01) / r1out /      1.00000 para Root(00)
Mensaje D / 00:00:08:000 / top(01) / 00:00:10:000 para Root(00)
Mensaje X / 00:00:11:000 / Root(00) / callin /     20.00000 para top(01)
Mensaje X / 00:00:11:000 / top(01) / callin /     20.00000 para gsm(02)
Mensaje D / 00:00:11:000 / gsm(02) / 00:00:02:000 para top(01)
Mensaje D / 00:00:11:000 / top(01) / 00:00:02:000 para Root(00)
Mensaje * / 00:00:13:000 / Root(00) para top(01)
Mensaje * / 00:00:13:000 / top(01) para gsm(02)
Mensaje Y / 00:00:13:000 / gsm(02) / gsmout /     20.00000 para top(01)
Mensaje D / 00:00:13:000 / gsm(02) / ... para top(01)
Mensaje X / 00:00:13:000 / top(01) / din /     20.00000 para control(07)
Mensaje X / 00:00:13:000 / control(07) / din /     20.00000 para dtmf(08)
Mensaje D / 00:00:13:000 / dtmf(08) / 00:00:01:000 para control(07)
Mensaje D / 00:00:13:000 / control(07) / 00:00:01:000 para top(01)
Mensaje D / 00:00:13:000 / top(01) / 00:00:01:000 para Root(00)
Mensaje * / 00:00:14:000 / Root(00) para top(01)
Mensaje * / 00:00:14:000 / top(01) para control(07)
Mensaje * / 00:00:14:000 / control(07) para dtmf(08)
Mensaje Y / 00:00:14:000 / dtmf(08) / dout /      2.00000 para control(07)
Mensaje D / 00:00:14:000 / dtmf(08) / ... para control(07)
Mensaje X / 00:00:14:000 / control(07) / mcuin /      2.00000 para mcu(09)
Mensaje D / 00:00:14:000 / mcu(09) / 00:00:05:000 para control(07)
Mensaje D / 00:00:14:000 / control(07) / 00:00:05:000 para top(01)
Mensaje D / 00:00:14:000 / top(01) / 00:00:04:000 para Root(00)
Mensaje * / 00:00:18:000 / Root(00) para top(01)
Mensaje * / 00:00:18:000 / top(01) para soundch(06)
Mensaje Y / 00:00:18:000 / soundch(06) / scout /      1.00000 para top(01)
Mensaje D / 00:00:18:000 / soundch(06) / ... para top(01)
Mensaje Y / 00:00:18:000 / top(01) / scout /      1.00000 para Root(00)
Mensaje D / 00:00:18:000 / top(01) / 00:00:01:000 para Root(00)
Mensaje * / 00:00:19:000 / Root(00) para top(01)
Mensaje * / 00:00:19:000 / top(01) para control(07)
Mensaje * / 00:00:19:000 / control(07) para mcu(09)
Mensaje Y / 00:00:19:000 / mcu(09) / m4out /      2.00000 para control(07)
Mensaje Y / 00:00:19:000 / mcu(09) / m1out /      2.00000 para control(07)
Mensaje D / 00:00:19:000 / mcu(09) / ... para control(07)
Mensaje Y / 00:00:19:000 / control(07) / m4out /      2.00000 para top(01)
Mensaje Y / 00:00:19:000 / control(07) / m1out /      2.00000 para top(01)
Mensaje D / 00:00:19:000 / control(07) / ... para top(01)
Mensaje X / 00:00:19:000 / top(01) / scin /      2.00000 para soundch(06)
Mensaje X / 00:00:19:000 / top(01) / r1in /      2.00000 para relay1(03)
Mensaje D / 00:00:19:000 / soundch(06) / 00:00:10:000 para top(01)
Mensaje D / 00:00:19:000 / relay1(03) / 00:00:00:000 para top(01)
Mensaje D / 00:00:19:000 / top(01) / 00:00:00:000 para Root(00)
Mensaje * / 00:00:19:000 / Root(00) para top(01)
Mensaje * / 00:00:19:000 / top(01) para relay1(03)
Mensaje Y / 00:00:19:000 / relay1(03) / r1out /      0.00000 para top(01)
Mensaje D / 00:00:19:000 / relay1(03) / ... para top(01)
Mensaje Y / 00:00:19:000 / top(01) / r1out /      0.00000 para Root(00)
Mensaje D / 00:00:19:000 / top(01) / 00:00:10:000 para Root(00)
Mensaje X / 00:00:22:000 / Root(00) / callin /     30.00000 para top(01)
Mensaje X / 00:00:22:000 / top(01) / callin /     30.00000 para gsm(02)
Mensaje D / 00:00:22:000 / gsm(02) / 00:00:02:000 para top(01)
Mensaje D / 00:00:22:000 / top(01) / 00:00:02:000 para Root(00)
Mensaje * / 00:00:24:000 / Root(00) para top(01)
Mensaje * / 00:00:24:000 / top(01) para gsm(02)
Mensaje Y / 00:00:24:000 / gsm(02) / gsmout /     30.00000 para top(01)
Mensaje D / 00:00:24:000 / gsm(02) / ... para top(01)
Mensaje X / 00:00:24:000 / top(01) / din /     30.00000 para control(07)
Mensaje X / 00:00:24:000 / control(07) / din /     30.00000 para dtmf(08)
Mensaje D / 00:00:24:000 / dtmf(08) / 00:00:01:000 para control(07)
Mensaje D / 00:00:24:000 / control(07) / 00:00:01:000 para top(01)
Mensaje D / 00:00:24:000 / top(01) / 00:00:01:000 para Root(00)
Mensaje * / 00:00:25:000 / Root(00) para top(01)
Mensaje * / 00:00:25:000 / top(01) para control(07)
Mensaje * / 00:00:25:000 / control(07) para dtmf(08)
Mensaje Y / 00:00:25:000 / dtmf(08) / dout /      3.00000 para control(07)
Mensaje D / 00:00:25:000 / dtmf(08) / ... para control(07)
Mensaje X / 00:00:25:000 / control(07) / mcuin /      3.00000 para mcu(09)
Mensaje D / 00:00:25:000 / mcu(09) / 00:00:05:000 para control(07)
Mensaje D / 00:00:25:000 / control(07) / 00:00:05:000 para top(01)
Mensaje D / 00:00:25:000 / top(01) / 00:00:04:000 para Root(00)
Mensaje * / 00:00:29:000 / Root(00) para top(01)
Mensaje * / 00:00:29:000 / top(01) para soundch(06)
Mensaje Y / 00:00:29:000 / soundch(06) / scout /      2.00000 para top(01)
Mensaje D / 00:00:29:000 / soundch(06) / ... para top(01)
Mensaje Y / 00:00:29:000 / top(01) / scout /      2.00000 para Root(00)
Mensaje D / 00:00:29:000 / top(01) / 00:00:01:000 para Root(00)
Mensaje * / 00:00:30:000 / Root(00) para top(01)
Mensaje * / 00:00:30:000 / top(01) para control(07)
Mensaje * / 00:00:30:000 / control(07) para mcu(09)
Mensaje Y / 00:00:30:000 / mcu(09) / m4out /      3.00000 para control(07)
Mensaje Y / 00:00:30:000 / mcu(09) / m2out /      3.00000 para control(07)
Mensaje D / 00:00:30:000 / mcu(09) / ... para control(07)
Mensaje Y / 00:00:30:000 / control(07) / m4out /      3.00000 para top(01)
Mensaje Y / 00:00:30:000 / control(07) / m2out /      3.00000 para top(01)
Mensaje D / 00:00:30:000 / control(07) / ... para top(01)
Mensaje X / 00:00:30:000 / top(01) / scin /      3.00000 para soundch(06)
Mensaje X / 00:00:30:000 / top(01) / r2in /      3.00000 para relay2(04)
Mensaje D / 00:00:30:000 / soundch(06) / 00:00:10:000 para top(01)
Mensaje D / 00:00:30:000 / relay2(04) / 00:00:00:000 para top(01)
Mensaje D / 00:00:30:000 / top(01) / 00:00:00:000 para Root(00)
Mensaje * / 00:00:30:000 / Root(00) para top(01)
Mensaje * / 00:00:30:000 / top(01) para relay2(04)
Mensaje Y / 00:00:30:000 / relay2(04) / r2out /      1.00000 para top(01)
Mensaje D / 00:00:30:000 / relay2(04) / ... para top(01)
Mensaje Y / 00:00:30:000 / top(01) / r2out /      1.00000 para Root(00)
Mensaje D / 00:00:30:000 / top(01) / 00:00:10:000 para Root(00)
Mensaje X / 00:00:33:000 / Root(00) / callin /     40.00000 para top(01)
Mensaje X / 00:00:33:000 / top(01) / callin /     40.00000 para gsm(02)
Mensaje D / 00:00:33:000 / gsm(02) / 00:00:02:000 para top(01)
Mensaje D / 00:00:33:000 / top(01) / 00:00:02:000 para Root(00)
Mensaje * / 00:00:35:000 / Root(00) para top(01)
Mensaje * / 00:00:35:000 / top(01) para gsm(02)
Mensaje Y / 00:00:35:000 / gsm(02) / gsmout /     40.00000 para top(01)
Mensaje D / 00:00:35:000 / gsm(02) / ... para top(01)
Mensaje X / 00:00:35:000 / top(01) / din /     40.00000 para control(07)
Mensaje X / 00:00:35:000 / control(07) / din /     40.00000 para dtmf(08)
Mensaje D / 00:00:35:000 / dtmf(08) / 00:00:01:000 para control(07)
Mensaje D / 00:00:35:000 / control(07) / 00:00:01:000 para top(01)
Mensaje D / 00:00:35:000 / top(01) / 00:00:01:000 para Root(00)
Mensaje * / 00:00:36:000 / Root(00) para top(01)
Mensaje * / 00:00:36:000 / top(01) para control(07)
Mensaje * / 00:00:36:000 / control(07) para dtmf(08)
Mensaje Y / 00:00:36:000 / dtmf(08) / dout /      4.00000 para control(07)
Mensaje D / 00:00:36:000 / dtmf(08) / ... para control(07)
Mensaje X / 00:00:36:000 / control(07) / mcuin /      4.00000 para mcu(09)
Mensaje D / 00:00:36:000 / mcu(09) / 00:00:05:000 para control(07)
Mensaje D / 00:00:36:000 / control(07) / 00:00:05:000 para top(01)
Mensaje D / 00:00:36:000 / top(01) / 00:00:04:000 para Root(00)
Mensaje * / 00:00:40:000 / Root(00) para top(01)
Mensaje * / 00:00:40:000 / top(01) para soundch(06)
Mensaje Y / 00:00:40:000 / soundch(06) / scout /      3.00000 para top(01)
Mensaje D / 00:00:40:000 / soundch(06) / ... para top(01)
Mensaje Y / 00:00:40:000 / top(01) / scout /      3.00000 para Root(00)
Mensaje D / 00:00:40:000 / top(01) / 00:00:01:000 para Root(00)
Mensaje * / 00:00:41:000 / Root(00) para top(01)
Mensaje * / 00:00:41:000 / top(01) para control(07)
Mensaje * / 00:00:41:000 / control(07) para mcu(09)
Mensaje Y / 00:00:41:000 / mcu(09) / m4out /      4.00000 para control(07)
Mensaje Y / 00:00:41:000 / mcu(09) / m2out /      4.00000 para control(07)
Mensaje D / 00:00:41:000 / mcu(09) / ... para control(07)
Mensaje Y / 00:00:41:000 / control(07) / m4out /      4.00000 para top(01)
Mensaje Y / 00:00:41:000 / control(07) / m2out /      4.00000 para top(01)
Mensaje D / 00:00:41:000 / control(07) / ... para top(01)
Mensaje X / 00:00:41:000 / top(01) / scin /      4.00000 para soundch(06)
Mensaje X / 00:00:41:000 / top(01) / r2in /      4.00000 para relay2(04)
Mensaje D / 00:00:41:000 / soundch(06) / 00:00:10:000 para top(01)
Mensaje D / 00:00:41:000 / relay2(04) / 00:00:00:000 para top(01)
Mensaje D / 00:00:41:000 / top(01) / 00:00:00:000 para Root(00)
Mensaje * / 00:00:41:000 / Root(00) para top(01)
Mensaje * / 00:00:41:000 / top(01) para relay2(04)
Mensaje Y / 00:00:41:000 / relay2(04) / r2out /      0.00000 para top(01)
Mensaje D / 00:00:41:000 / relay2(04) / ... para top(01)
Mensaje Y / 00:00:41:000 / top(01) / r2out /      0.00000 para Root(00)
Mensaje D / 00:00:41:000 / top(01) / 00:00:10:000 para Root(00)
Mensaje X / 00:00:44:000 / Root(00) / callin /     50.00000 para top(01)
Mensaje X / 00:00:44:000 / top(01) / callin /     50.00000 para gsm(02)
Mensaje D / 00:00:44:000 / gsm(02) / 00:00:02:000 para top(01)
Mensaje D / 00:00:44:000 / top(01) / 00:00:02:000 para Root(00)
Mensaje * / 00:00:46:000 / Root(00) para top(01)
Mensaje * / 00:00:46:000 / top(01) para gsm(02)
Mensaje Y / 00:00:46:000 / gsm(02) / gsmout /     50.00000 para top(01)
Mensaje D / 00:00:46:000 / gsm(02) / ... para top(01)
Mensaje X / 00:00:46:000 / top(01) / din /     50.00000 para control(07)
Mensaje X / 00:00:46:000 / control(07) / din /     50.00000 para dtmf(08)
Mensaje D / 00:00:46:000 / dtmf(08) / 00:00:01:000 para control(07)
Mensaje D / 00:00:46:000 / control(07) / 00:00:01:000 para top(01)
Mensaje D / 00:00:46:000 / top(01) / 00:00:01:000 para Root(00)
Mensaje * / 00:00:47:000 / Root(00) para top(01)
Mensaje * / 00:00:47:000 / top(01) para control(07)
Mensaje * / 00:00:47:000 / control(07) para dtmf(08)
Mensaje Y / 00:00:47:000 / dtmf(08) / dout /      5.00000 para control(07)
Mensaje D / 00:00:47:000 / dtmf(08) / ... para control(07)
Mensaje X / 00:00:47:000 / control(07) / mcuin /      5.00000 para mcu(09)
Mensaje D / 00:00:47:000 / mcu(09) / 00:00:05:000 para control(07)
Mensaje D / 00:00:47:000 / control(07) / 00:00:05:000 para top(01)
Mensaje D / 00:00:47:000 / top(01) / 00:00:04:000 para Root(00)
Mensaje * / 00:00:51:000 / Root(00) para top(01)
Mensaje * / 00:00:51:000 / top(01) para soundch(06)
Mensaje Y / 00:00:51:000 / soundch(06) / scout /      4.00000 para top(01)
Mensaje D / 00:00:51:000 / soundch(06) / ... para top(01)
Mensaje Y / 00:00:51:000 / top(01) / scout /      4.00000 para Root(00)
Mensaje D / 00:00:51:000 / top(01) / 00:00:01:000 para Root(00)
Mensaje * / 00:00:52:000 / Root(00) para top(01)
Mensaje * / 00:00:52:000 / top(01) para control(07)
Mensaje * / 00:00:52:000 / control(07) para mcu(09)
Mensaje Y / 00:00:52:000 / mcu(09) / m4out /      5.00000 para control(07)
Mensaje Y / 00:00:52:000 / mcu(09) / m3out /      5.00000 para control(07)
Mensaje D / 00:00:52:000 / mcu(09) / ... para control(07)
Mensaje Y / 00:00:52:000 / control(07) / m4out /      5.00000 para top(01)
Mensaje Y / 00:00:52:000 / control(07) / m3out /      5.00000 para top(01)
Mensaje D / 00:00:52:000 / control(07) / ... para top(01)
Mensaje X / 00:00:52:000 / top(01) / scin /      5.00000 para soundch(06)
Mensaje X / 00:00:52:000 / top(01) / r3in /      5.00000 para relay3(05)
Mensaje D / 00:00:52:000 / soundch(06) / 00:00:10:000 para top(01)
Mensaje D / 00:00:52:000 / relay3(05) / 00:00:00:000 para top(01)
Mensaje D / 00:00:52:000 / top(01) / 00:00:00:000 para Root(00)
Mensaje * / 00:00:52:000 / Root(00) para top(01)
Mensaje * / 00:00:52:000 / top(01) para relay3(05)
Mensaje Y / 00:00:52:000 / relay3(05) / r3out /      1.00000 para top(01)
Mensaje D / 00:00:52:000 / relay3(05) / ... para top(01)
Mensaje Y / 00:00:52:000 / top(01) / r3out /      1.00000 para Root(00)
Mensaje D / 00:00:52:000 / top(01) / 00:00:10:000 para Root(00)
Mensaje * / 00:01:02:000 / Root(00) para top(01)
Mensaje * / 00:01:02:000 / top(01) para soundch(06)
Mensaje Y / 00:01:02:000 / soundch(06) / scout /      5.00000 para top(01)
Mensaje D / 00:01:02:000 / soundch(06) / ... para top(01)
Mensaje Y / 00:01:02:000 / top(01) / scout /      5.00000 para Root(00)
Mensaje D / 00:01:02:000 / top(01) / ... para Root(00)
Mensaje X / 00:02:10:000 / Root(00) / callin /     60.00000 para top(01)
Mensaje X / 00:02:10:000 / top(01) / callin /     60.00000 para gsm(02)
Mensaje D / 00:02:10:000 / gsm(02) / 00:00:02:000 para top(01)
Mensaje D / 00:02:10:000 / top(01) / 00:00:02:000 para Root(00)
Mensaje * / 00:02:12:000 / Root(00) para top(01)
Mensaje * / 00:02:12:000 / top(01) para gsm(02)
Mensaje Y / 00:02:12:000 / gsm(02) / gsmout /     60.00000 para top(01)
Mensaje D / 00:02:12:000 / gsm(02) / ... para top(01)
Mensaje X / 00:02:12:000 / top(01) / din /     60.00000 para control(07)
Mensaje X / 00:02:12:000 / control(07) / din /     60.00000 para dtmf(08)
Mensaje D / 00:02:12:000 / dtmf(08) / 00:00:01:000 para control(07)
Mensaje D / 00:02:12:000 / control(07) / 00:00:01:000 para top(01)
Mensaje D / 00:02:12:000 / top(01) / 00:00:01:000 para Root(00)
Mensaje * / 00:02:13:000 / Root(00) para top(01)
Mensaje * / 00:02:13:000 / top(01) para control(07)
Mensaje * / 00:02:13:000 / control(07) para dtmf(08)
Mensaje Y / 00:02:13:000 / dtmf(08) / dout /      6.00000 para control(07)
Mensaje D / 00:02:13:000 / dtmf(08) / ... para control(07)
Mensaje X / 00:02:13:000 / control(07) / mcuin /      6.00000 para mcu(09)
Mensaje D / 00:02:13:000 / mcu(09) / 00:00:05:000 para control(07)
Mensaje D / 00:02:13:000 / control(07) / 00:00:05:000 para top(01)
Mensaje D / 00:02:13:000 / top(01) / 00:00:05:000 para Root(00)
Mensaje * / 00:02:18:000 / Root(00) para top(01)
Mensaje * / 00:02:18:000 / top(01) para control(07)
Mensaje * / 00:02:18:000 / control(07) para mcu(09)
Mensaje Y / 00:02:18:000 / mcu(09) / m4out /      6.00000 para control(07)
Mensaje Y / 00:02:18:000 / mcu(09) / m3out /      6.00000 para control(07)
Mensaje D / 00:02:18:000 / mcu(09) / ... para control(07)
Mensaje Y / 00:02:18:000 / control(07) / m4out /      6.00000 para top(01)
Mensaje Y / 00:02:18:000 / control(07) / m3out /      6.00000 para top(01)
Mensaje D / 00:02:18:000 / control(07) / ... para top(01)
Mensaje X / 00:02:18:000 / top(01) / scin /      6.00000 para soundch(06)
Mensaje X / 00:02:18:000 / top(01) / r3in /      6.00000 para relay3(05)
Mensaje D / 00:02:18:000 / soundch(06) / 00:00:10:000 para top(01)
Mensaje D / 00:02:18:000 / relay3(05) / 00:00:00:000 para top(01)
Mensaje D / 00:02:18:000 / top(01) / 00:00:00:000 para Root(00)
Mensaje * / 00:02:18:000 / Root(00) para top(01)
Mensaje * / 00:02:18:000 / top(01) para relay3(05)
Mensaje Y / 00:02:18:000 / relay3(05) / r3out /      0.00000 para top(01)
Mensaje D / 00:02:18:000 / relay3(05) / ... para top(01)
Mensaje Y / 00:02:18:000 / top(01) / r3out /      0.00000 para Root(00)
Mensaje D / 00:02:18:000 / top(01) / 00:00:10:000 para Root(00)
Mensaje X / 00:02:20:000 / Root(00) / callin /     70.00000 para top(01)
Mensaje X / 00:02:20:000 / top(01) / callin /     70.00000 para gsm(02)
Mensaje D / 00:02:20:000 / gsm(02) / ... para top(01)
Mensaje D / 00:02:20:000 / top(01) / 00:00:08:000 para Root(00)
Mensaje * / 00:02:28:000 / Root(00) para top(01)
Mensaje * / 00:02:28:000 / top(01) para soundch(06)
Mensaje Y / 00:02:28:000 / soundch(06) / scout /      6.00000 para top(01)
Mensaje D / 00:02:28:000 / soundch(06) / ... para top(01)
Mensaje Y / 00:02:28:000 / top(01) / scout /      6.00000 para Root(00)
Mensaje D / 00:02:28:000 / top(01) / ... para Root(00)
Mensaje X / 00:02:30:000 / Root(00) / callin /     80.00000 para top(01)
Mensaje X / 00:02:30:000 / top(01) / callin /     80.00000 para gsm(02)
Mensaje D / 00:02:30:000 / gsm(02) / ... para top(01)
Mensaje D / 00:02:30:000 / top(01) / ... para Root(00)
Mensaje X / 00:02:39:000 / Root(00) / callin /     90.00000 para top(01)
Mensaje X / 00:02:39:000 / top(01) / callin /     90.00000 para gsm(02)
Mensaje D / 00:02:39:000 / gsm(02) / ... para top(01)
Mensaje D / 00:02:39:000 / top(01) / ... para Root(00)
