Mensaje I / 00:00:00:000 / Root(00) para top(01)
Mensaje I / 00:00:00:000 / top(01) para soundch(02)
Mensaje D / 00:00:00:000 / soundch(02) / ... para top(01)
Mensaje D / 00:00:00:000 / top(01) / ... para Root(00)
Mensaje X / 00:00:15:000 / Root(00) / scin /      1.00000 para top(01)
Mensaje X / 00:00:15:000 / top(01) / scin /      1.00000 para soundch(02)
Mensaje D / 00:00:15:000 / soundch(02) / 00:00:10:000 para top(01)
Mensaje D / 00:00:15:000 / top(01) / 00:00:10:000 para Root(00)
Mensaje * / 00:00:25:000 / Root(00) para top(01)
Mensaje * / 00:00:25:000 / top(01) para soundch(02)
Mensaje Y / 00:00:25:000 / soundch(02) / scout /      1.00000 para top(01)
Mensaje D / 00:00:25:000 / soundch(02) / ... para top(01)
Mensaje Y / 00:00:25:000 / top(01) / scout /      1.00000 para Root(00)
Mensaje D / 00:00:25:000 / top(01) / ... para Root(00)
Mensaje X / 00:00:30:000 / Root(00) / scin /      2.00000 para top(01)
Mensaje X / 00:00:30:000 / top(01) / scin /      2.00000 para soundch(02)
Mensaje D / 00:00:30:000 / soundch(02) / 00:00:10:000 para top(01)
Mensaje D / 00:00:30:000 / top(01) / 00:00:10:000 para Root(00)
Mensaje * / 00:00:40:000 / Root(00) para top(01)
Mensaje * / 00:00:40:000 / top(01) para soundch(02)
Mensaje Y / 00:00:40:000 / soundch(02) / scout /      2.00000 para top(01)
Mensaje D / 00:00:40:000 / soundch(02) / ... para top(01)
Mensaje Y / 00:00:40:000 / top(01) / scout /      2.00000 para Root(00)
Mensaje D / 00:00:40:000 / top(01) / ... para Root(00)
Mensaje X / 00:00:45:000 / Root(00) / scin /      3.00000 para top(01)
Mensaje X / 00:00:45:000 / top(01) / scin /      3.00000 para soundch(02)
Mensaje D / 00:00:45:000 / soundch(02) / 00:00:10:000 para top(01)
Mensaje D / 00:00:45:000 / top(01) / 00:00:10:000 para Root(00)
Mensaje * / 00:00:55:000 / Root(00) para top(01)
Mensaje * / 00:00:55:000 / top(01) para soundch(02)
Mensaje Y / 00:00:55:000 / soundch(02) / scout /      3.00000 para top(01)
Mensaje D / 00:00:55:000 / soundch(02) / ... para top(01)
Mensaje Y / 00:00:55:000 / top(01) / scout /      3.00000 para Root(00)
Mensaje D / 00:00:55:000 / top(01) / ... para Root(00)
Mensaje X / 00:01:00:000 / Root(00) / scin /      4.00000 para top(01)
Mensaje X / 00:01:00:000 / top(01) / scin /      4.00000 para soundch(02)
Mensaje D / 00:01:00:000 / soundch(02) / 00:00:10:000 para top(01)
Mensaje D / 00:01:00:000 / top(01) / 00:00:10:000 para Root(00)
Mensaje * / 00:01:10:000 / Root(00) para top(01)
Mensaje * / 00:01:10:000 / top(01) para soundch(02)
Mensaje Y / 00:01:10:000 / soundch(02) / scout /      4.00000 para top(01)
Mensaje D / 00:01:10:000 / soundch(02) / ... para top(01)
Mensaje Y / 00:01:10:000 / top(01) / scout /      4.00000 para Root(00)
Mensaje D / 00:01:10:000 / top(01) / ... para Root(00)
Mensaje X / 00:01:30:000 / Root(00) / scin /      5.00000 para top(01)
Mensaje X / 00:01:30:000 / top(01) / scin /      5.00000 para soundch(02)
Mensaje D / 00:01:30:000 / soundch(02) / 00:00:10:000 para top(01)
Mensaje D / 00:01:30:000 / top(01) / 00:00:10:000 para Root(00)
Mensaje * / 00:01:40:000 / Root(00) para top(01)
Mensaje * / 00:01:40:000 / top(01) para soundch(02)
Mensaje Y / 00:01:40:000 / soundch(02) / scout /      5.00000 para top(01)
Mensaje D / 00:01:40:000 / soundch(02) / ... para top(01)
Mensaje Y / 00:01:40:000 / top(01) / scout /      5.00000 para Root(00)
Mensaje D / 00:01:40:000 / top(01) / ... para Root(00)
Mensaje X / 00:02:10:000 / Root(00) / scin /      6.00000 para top(01)
Mensaje X / 00:02:10:000 / top(01) / scin /      6.00000 para soundch(02)
Mensaje D / 00:02:10:000 / soundch(02) / 00:00:10:000 para top(01)
Mensaje D / 00:02:10:000 / top(01) / 00:00:10:000 para Root(00)
Mensaje * / 00:02:20:000 / Root(00) para top(01)
Mensaje * / 00:02:20:000 / top(01) para soundch(02)
Mensaje Y / 00:02:20:000 / soundch(02) / scout /      6.00000 para top(01)
Mensaje D / 00:02:20:000 / soundch(02) / ... para top(01)
Mensaje Y / 00:02:20:000 / top(01) / scout /      6.00000 para Root(00)
Mensaje D / 00:02:20:000 / top(01) / ... para Root(00)
